2023-10-21 17:29:29,076 INFO o.a.j.u.JMeterUtils: Setting Locale to en_EN
2023-10-21 17:29:29,104 INFO o.a.j.JMeter: Loading user properties from: /Users/el/Downloads/apache-jmeter-5.6.2/bin/user.properties
2023-10-21 17:29:29,104 INFO o.a.j.JMeter: Loading system properties from: /Users/el/Downloads/apache-jmeter-5.6.2/bin/system.properties
2023-10-21 17:29:29,105 INFO o.a.j.JMeter: Setting JMeter property: users=100
2023-10-21 17:29:29,115 INFO o.a.j.JMeter: Copyright (c) 1998-2023 The Apache Software Foundation
2023-10-21 17:29:29,115 INFO o.a.j.JMeter: Version 5.6.2
2023-10-21 17:29:29,115 INFO o.a.j.JMeter: java.version=1.8.0_371
2023-10-21 17:29:29,115 INFO o.a.j.JMeter: java.vm.name=Java HotSpot(TM) 64-Bit Server VM
2023-10-21 17:29:29,115 INFO o.a.j.JMeter: os.name=Mac OS X
2023-10-21 17:29:29,115 INFO o.a.j.JMeter: os.arch=x86_64
2023-10-21 17:29:29,115 INFO o.a.j.JMeter: os.version=14.0
2023-10-21 17:29:29,115 INFO o.a.j.JMeter: file.encoding=UTF-8
2023-10-21 17:29:29,115 INFO o.a.j.JMeter: java.awt.headless=true
2023-10-21 17:29:29,115 INFO o.a.j.JMeter: Max memory     =1073741824
2023-10-21 17:29:29,115 INFO o.a.j.JMeter: Available Processors =8
2023-10-21 17:29:29,119 INFO o.a.j.JMeter: Default Locale=English (EN)
2023-10-21 17:29:29,119 INFO o.a.j.JMeter: JMeter  Locale=English (EN)
2023-10-21 17:29:29,119 INFO o.a.j.JMeter: JMeterHome=/Users/el/Downloads/apache-jmeter-5.6.2
2023-10-21 17:29:29,119 INFO o.a.j.JMeter: user.dir  =/Users/el/Desktop/testingS2/experiment-runner
2023-10-21 17:29:29,120 INFO o.a.j.JMeter: PWD       =/Users/el/Desktop/testingS2/experiment-runner
2023-10-21 17:29:29,121 INFO o.a.j.JMeter: IP: 127.0.0.1 Name: Elmars-MacBook-Pro.local FullName: localhost
2023-10-21 17:29:29,141 INFO o.a.j.s.FileServer: Default base='/Users/el/Desktop/testingS2/experiment-runner'
2023-10-21 17:29:29,144 INFO o.a.j.s.FileServer: Set new base='/Users/el/Desktop/testingS2/experiment-runner'
2023-10-21 17:29:29,299 INFO o.a.j.s.SaveService: Testplan (JMX) version: 2.2. Testlog (JTL) version: 2.2
2023-10-21 17:29:29,509 INFO o.a.j.s.SaveService: Using SaveService properties file encoding UTF-8
2023-10-21 17:29:29,514 INFO o.a.j.s.SaveService: Using SaveService properties version 5.0
2023-10-21 17:29:29,520 INFO o.a.j.s.SaveService: Loading file: ListOrders.jmx
2023-10-21 17:29:29,616 INFO o.a.j.p.h.s.HTTPSamplerBase: Parser for text/html is org.apache.jmeter.protocol.http.parser.LagartoBasedHtmlParser
2023-10-21 17:29:29,617 INFO o.a.j.p.h.s.HTTPSamplerBase: Parser for application/xhtml+xml is org.apache.jmeter.protocol.http.parser.LagartoBasedHtmlParser
2023-10-21 17:29:29,617 INFO o.a.j.p.h.s.HTTPSamplerBase: Parser for application/xml is org.apache.jmeter.protocol.http.parser.LagartoBasedHtmlParser
2023-10-21 17:29:29,617 INFO o.a.j.p.h.s.HTTPSamplerBase: Parser for text/xml is org.apache.jmeter.protocol.http.parser.LagartoBasedHtmlParser
2023-10-21 17:29:29,617 INFO o.a.j.p.h.s.HTTPSamplerBase: Parser for text/vnd.wap.wml is org.apache.jmeter.protocol.http.parser.RegexpHTMLParser
2023-10-21 17:29:29,617 INFO o.a.j.p.h.s.HTTPSamplerBase: Parser for text/css is org.apache.jmeter.protocol.http.parser.CssParser
2023-10-21 17:29:30,137 INFO o.a.j.JMeter: Creating summariser <summary>
2023-10-21 17:29:30,149 INFO o.a.j.e.StandardJMeterEngine: Running the test!
2023-10-21 17:29:30,151 INFO o.a.j.s.SampleEvent: List of sample_variables: []
2023-10-21 17:29:30,151 INFO o.a.j.s.SampleEvent: List of sample_variables: []
2023-10-21 17:29:30,154 INFO o.a.j.e.u.CompoundVariable: Note: Function class names must contain the string: '.functions.'
2023-10-21 17:29:30,154 INFO o.a.j.e.u.CompoundVariable: Note: Function class names must not contain the string: '.gui.'
2023-10-21 17:29:30,587 INFO o.a.j.JMeter: Running test (1697902170587)
2023-10-21 17:29:30,648 INFO o.a.j.e.StandardJMeterEngine: Starting ThreadGroup: 1 : Thread Group
2023-10-21 17:29:30,649 INFO o.a.j.e.StandardJMeterEngine: Starting 100 threads for group Thread Group.
2023-10-21 17:29:30,649 INFO o.a.j.e.StandardJMeterEngine: Thread will continue on error
2023-10-21 17:29:30,650 INFO o.a.j.t.ThreadGroup: Starting thread group... number=1 threads=100 ramp-up=1 delayedStart=false
2023-10-21 17:29:30,681 INFO o.a.j.t.JMeterThread: Thread started: Thread Group 1-1
2023-10-21 17:29:30,686 INFO o.a.j.t.JMeterThread: Thread started: Thread Group 1-2
2023-10-21 17:29:30,694 INFO o.a.j.t.JMeterThread: Thread started: Thread Group 1-3
2023-10-21 17:29:30,699 INFO o.a.j.t.JMeterThread: Thread started: Thread Group 1-4
2023-10-21 17:29:30,723 INFO o.a.j.t.JMeterThread: Thread started: Thread Group 1-5
2023-10-21 17:29:30,735 INFO o.a.j.t.JMeterThread: Thread started: Thread Group 1-6
2023-10-21 17:29:30,746 INFO o.a.j.t.JMeterThread: Thread started: Thread Group 1-7
2023-10-21 17:29:30,746 INFO o.a.j.t.JMeterThread: Thread started: Thread Group 1-8
2023-10-21 17:29:30,762 INFO o.a.j.p.h.s.HTTPHCAbstractImpl: Local host = Elmars-MacBook-Pro.local
2023-10-21 17:29:30,770 INFO o.a.j.t.JMeterThread: Thread started: Thread Group 1-9
2023-10-21 17:29:30,779 INFO o.a.j.t.JMeterThread: Thread started: Thread Group 1-10
2023-10-21 17:29:30,783 INFO o.a.j.t.JMeterThread: Thread started: Thread Group 1-12
2023-10-21 17:29:30,783 INFO o.a.j.p.h.s.HTTPHC4Impl: HTTP request retry count = 0
2023-10-21 17:29:30,783 INFO o.a.j.t.JMeterThread: Thread started: Thread Group 1-11
2023-10-21 17:29:30,786 INFO o.a.j.s.SampleResult: Note: Sample TimeStamps are START times
2023-10-21 17:29:30,786 INFO o.a.j.s.SampleResult: sampleresult.default.encoding is set to UTF-8
2023-10-21 17:29:30,786 INFO o.a.j.s.SampleResult: sampleresult.useNanoTime=true
2023-10-21 17:29:30,787 INFO o.a.j.s.SampleResult: sampleresult.nanoThreadSleep=5000
2023-10-21 17:29:30,791 INFO o.a.j.t.JMeterThread: Thread started: Thread Group 1-13
2023-10-21 17:29:30,794 INFO o.a.j.t.JMeterThread: Thread started: Thread Group 1-15
2023-10-21 17:29:30,794 INFO o.a.j.t.JMeterThread: Thread started: Thread Group 1-14
2023-10-21 17:29:30,808 INFO o.a.j.t.JMeterThread: Thread started: Thread Group 1-16
2023-10-21 17:29:30,818 INFO o.a.j.t.JMeterThread: Thread started: Thread Group 1-17
2023-10-21 17:29:30,822 INFO o.a.j.t.JMeterThread: Thread started: Thread Group 1-18
2023-10-21 17:29:30,834 INFO o.a.j.t.JMeterThread: Thread started: Thread Group 1-19
2023-10-21 17:29:30,855 INFO o.a.j.t.JMeterThread: Thread started: Thread Group 1-20
2023-10-21 17:29:30,856 INFO o.a.j.t.JMeterThread: Thread started: Thread Group 1-21
2023-10-21 17:29:30,880 INFO o.a.j.t.JMeterThread: Thread started: Thread Group 1-22
2023-10-21 17:29:30,890 INFO o.a.j.t.JMeterThread: Thread started: Thread Group 1-23
2023-10-21 17:29:30,890 INFO o.a.j.t.JMeterThread: Thread started: Thread Group 1-24
2023-10-21 17:29:30,903 INFO o.a.j.t.JMeterThread: Thread started: Thread Group 1-25
2023-10-21 17:29:30,919 INFO o.a.j.t.JMeterThread: Thread started: Thread Group 1-27
2023-10-21 17:29:30,924 INFO o.a.j.t.JMeterThread: Thread started: Thread Group 1-28
2023-10-21 17:29:30,924 INFO o.a.j.t.JMeterThread: Thread started: Thread Group 1-26
2023-10-21 17:29:30,958 INFO o.a.j.t.JMeterThread: Thread started: Thread Group 1-29
2023-10-21 17:29:30,957 INFO o.a.j.t.JMeterThread: Thread started: Thread Group 1-30
2023-10-21 17:29:30,969 INFO o.a.j.t.JMeterThread: Thread started: Thread Group 1-31
2023-10-21 17:29:30,985 INFO o.a.j.t.JMeterThread: Thread started: Thread Group 1-32
2023-10-21 17:29:30,986 INFO o.a.j.t.JMeterThread: Thread started: Thread Group 1-34
2023-10-21 17:29:30,991 INFO o.a.j.t.JMeterThread: Thread started: Thread Group 1-33
2023-10-21 17:29:30,996 INFO o.a.j.t.JMeterThread: Thread started: Thread Group 1-35
2023-10-21 17:29:31,001 INFO o.a.j.t.JMeterThread: Thread started: Thread Group 1-36
2023-10-21 17:29:31,012 INFO o.a.j.t.JMeterThread: Thread started: Thread Group 1-37
2023-10-21 17:29:31,024 INFO o.a.j.t.JMeterThread: Thread started: Thread Group 1-38
2023-10-21 17:29:31,043 INFO o.a.j.t.JMeterThread: Thread started: Thread Group 1-39
2023-10-21 17:29:31,058 INFO o.a.j.t.JMeterThread: Thread started: Thread Group 1-40
2023-10-21 17:29:31,087 INFO o.a.j.t.JMeterThread: Thread started: Thread Group 1-44
2023-10-21 17:29:31,095 INFO o.a.j.t.JMeterThread: Thread started: Thread Group 1-45
2023-10-21 17:29:31,111 INFO o.a.j.t.JMeterThread: Thread started: Thread Group 1-41
2023-10-21 17:29:31,120 INFO o.a.j.t.JMeterThread: Thread started: Thread Group 1-43
2023-10-21 17:29:31,123 INFO o.a.j.t.JMeterThread: Thread started: Thread Group 1-42
2023-10-21 17:29:31,154 INFO o.a.j.t.JMeterThread: Thread started: Thread Group 1-48
2023-10-21 17:29:31,145 INFO o.a.j.t.JMeterThread: Thread started: Thread Group 1-47
2023-10-21 17:29:31,139 INFO o.a.j.t.JMeterThread: Thread started: Thread Group 1-46
2023-10-21 17:29:31,164 INFO o.a.j.t.JMeterThread: Thread started: Thread Group 1-49
2023-10-21 17:29:31,169 INFO o.a.j.t.JMeterThread: Thread started: Thread Group 1-50
2023-10-21 17:29:31,176 INFO o.a.j.t.JMeterThread: Thread started: Thread Group 1-51
2023-10-21 17:29:31,205 INFO o.a.j.t.JMeterThread: Thread started: Thread Group 1-55
2023-10-21 17:29:31,228 INFO o.a.j.t.JMeterThread: Thread started: Thread Group 1-56
2023-10-21 17:29:31,274 INFO o.a.j.t.JMeterThread: Thread started: Thread Group 1-57
2023-10-21 17:29:31,202 INFO o.a.j.t.JMeterThread: Thread started: Thread Group 1-53
2023-10-21 17:29:31,247 INFO o.a.j.t.JMeterThread: Thread started: Thread Group 1-60
2023-10-21 17:29:31,204 INFO o.a.j.t.JMeterThread: Thread started: Thread Group 1-54
2023-10-21 17:29:31,290 INFO o.a.j.t.JMeterThread: Thread started: Thread Group 1-63
2023-10-21 17:29:31,228 INFO o.a.j.t.JMeterThread: Thread started: Thread Group 1-58
2023-10-21 17:29:31,263 INFO o.a.j.t.JMeterThread: Thread started: Thread Group 1-62
2023-10-21 17:29:31,234 INFO o.a.j.t.JMeterThread: Thread started: Thread Group 1-59
2023-10-21 17:29:31,258 INFO o.a.j.t.JMeterThread: Thread started: Thread Group 1-61
2023-10-21 17:29:31,208 INFO o.a.j.t.JMeterThread: Thread started: Thread Group 1-52
2023-10-21 17:29:31,311 INFO o.a.j.t.JMeterThread: Thread started: Thread Group 1-64
2023-10-21 17:29:31,319 INFO o.a.j.t.JMeterThread: Thread started: Thread Group 1-65
2023-10-21 17:29:31,332 INFO o.a.j.t.JMeterThread: Thread started: Thread Group 1-67
2023-10-21 17:29:31,332 INFO o.a.j.t.JMeterThread: Thread started: Thread Group 1-66
2023-10-21 17:29:31,344 INFO o.a.j.t.JMeterThread: Thread started: Thread Group 1-68
2023-10-21 17:29:31,353 INFO o.a.j.t.JMeterThread: Thread started: Thread Group 1-69
2023-10-21 17:29:31,354 INFO o.a.j.t.JMeterThread: Thread started: Thread Group 1-70
2023-10-21 17:29:31,388 INFO o.a.j.t.JMeterThread: Thread started: Thread Group 1-72
2023-10-21 17:29:31,401 INFO o.a.j.t.JMeterThread: Thread started: Thread Group 1-74
2023-10-21 17:29:31,398 INFO o.a.j.t.JMeterThread: Thread started: Thread Group 1-73
2023-10-21 17:29:31,403 INFO o.a.j.t.JMeterThread: Thread started: Thread Group 1-76
2023-10-21 17:29:31,407 INFO o.a.j.t.ThreadGroup: Started thread group number 1
2023-10-21 17:29:31,408 INFO o.a.j.e.StandardJMeterEngine: All thread groups have been started
2023-10-21 17:29:31,413 INFO o.a.j.t.JMeterThread: Thread started: Thread Group 1-71
2023-10-21 17:29:31,428 INFO o.a.j.t.JMeterThread: Thread started: Thread Group 1-77
2023-10-21 17:29:31,426 INFO o.a.j.t.JMeterThread: Thread started: Thread Group 1-78
2023-10-21 17:29:31,426 INFO o.a.j.t.JMeterThread: Thread started: Thread Group 1-75
2023-10-21 17:29:31,435 INFO o.a.j.t.JMeterThread: Thread started: Thread Group 1-79
2023-10-21 17:29:31,444 INFO o.a.j.t.JMeterThread: Thread started: Thread Group 1-80
2023-10-21 17:29:31,453 INFO o.a.j.t.JMeterThread: Thread started: Thread Group 1-81
2023-10-21 17:29:31,471 INFO o.a.j.t.JMeterThread: Thread started: Thread Group 1-82
2023-10-21 17:29:31,476 INFO o.a.j.t.JMeterThread: Thread started: Thread Group 1-83
2023-10-21 17:29:31,484 INFO o.a.j.t.JMeterThread: Thread started: Thread Group 1-84
2023-10-21 17:29:31,521 INFO o.a.j.t.JMeterThread: Thread started: Thread Group 1-86
2023-10-21 17:29:31,534 INFO o.a.j.t.JMeterThread: Thread started: Thread Group 1-87
2023-10-21 17:29:31,539 INFO o.a.j.t.JMeterThread: Thread started: Thread Group 1-88
2023-10-21 17:29:31,546 INFO o.a.j.t.JMeterThread: Thread started: Thread Group 1-89
2023-10-21 17:29:31,546 INFO o.a.j.t.JMeterThread: Thread started: Thread Group 1-90
2023-10-21 17:29:31,557 INFO o.a.j.t.JMeterThread: Thread started: Thread Group 1-91
2023-10-21 17:29:31,566 INFO o.a.j.t.JMeterThread: Thread started: Thread Group 1-92
2023-10-21 17:29:31,570 INFO o.a.j.t.JMeterThread: Thread started: Thread Group 1-85
2023-10-21 17:29:31,574 INFO o.a.j.t.JMeterThread: Thread started: Thread Group 1-93
2023-10-21 17:29:31,582 INFO o.a.j.t.JMeterThread: Thread started: Thread Group 1-94
2023-10-21 17:29:31,600 INFO o.a.j.t.JMeterThread: Thread started: Thread Group 1-95
2023-10-21 17:29:31,657 INFO o.a.j.t.JMeterThread: Thread started: Thread Group 1-97
2023-10-21 17:29:31,670 INFO o.a.j.t.JMeterThread: Thread started: Thread Group 1-96
2023-10-21 17:29:31,674 INFO o.a.j.t.JMeterThread: Thread started: Thread Group 1-99
2023-10-21 17:29:31,675 INFO o.a.j.t.JMeterThread: Thread started: Thread Group 1-98
2023-10-21 17:29:31,680 INFO o.a.j.t.JMeterThread: Thread started: Thread Group 1-100
2023-10-21 17:29:31,826 INFO o.a.j.r.Summariser: summary +      1 in 00:00:01 =    0.8/s Avg:   416 Min:   416 Max:   416 Err:     0 (0.00%) Active: 100 Started: 100 Finished: 0
2023-10-21 17:29:31,841 INFO o.a.j.t.JMeterThread: Thread is done: Thread Group 1-31
2023-10-21 17:29:31,841 INFO o.a.j.t.JMeterThread: Thread is done: Thread Group 1-26
2023-10-21 17:29:31,841 INFO o.a.j.t.JMeterThread: Thread finished: Thread Group 1-31
2023-10-21 17:29:31,841 INFO o.a.j.t.JMeterThread: Thread finished: Thread Group 1-26
2023-10-21 17:29:31,845 INFO o.a.j.t.JMeterThread: Thread is done: Thread Group 1-82
2023-10-21 17:29:31,845 INFO o.a.j.t.JMeterThread: Thread finished: Thread Group 1-82
2023-10-21 17:29:31,850 INFO o.a.j.t.JMeterThread: Thread is done: Thread Group 1-27
2023-10-21 17:29:31,850 INFO o.a.j.t.JMeterThread: Thread is done: Thread Group 1-36
2023-10-21 17:29:31,850 INFO o.a.j.t.JMeterThread: Thread finished: Thread Group 1-27
2023-10-21 17:29:31,851 INFO o.a.j.t.JMeterThread: Thread finished: Thread Group 1-36
2023-10-21 17:29:31,851 INFO o.a.j.t.JMeterThread: Thread is done: Thread Group 1-13
2023-10-21 17:29:31,851 INFO o.a.j.t.JMeterThread: Thread finished: Thread Group 1-13
2023-10-21 17:29:31,851 INFO o.a.j.t.JMeterThread: Thread is done: Thread Group 1-58
2023-10-21 17:29:31,851 INFO o.a.j.t.JMeterThread: Thread finished: Thread Group 1-58
2023-10-21 17:29:31,854 INFO o.a.j.t.JMeterThread: Thread is done: Thread Group 1-5
2023-10-21 17:29:31,854 INFO o.a.j.t.JMeterThread: Thread finished: Thread Group 1-5
2023-10-21 17:29:31,872 INFO o.a.j.t.JMeterThread: Thread is done: Thread Group 1-71
2023-10-21 17:29:31,872 INFO o.a.j.t.JMeterThread: Thread finished: Thread Group 1-71
2023-10-21 17:29:31,873 INFO o.a.j.t.JMeterThread: Thread is done: Thread Group 1-21
2023-10-21 17:29:31,873 INFO o.a.j.t.JMeterThread: Thread finished: Thread Group 1-21
2023-10-21 17:29:31,874 INFO o.a.j.t.JMeterThread: Thread is done: Thread Group 1-45
2023-10-21 17:29:31,874 INFO o.a.j.t.JMeterThread: Thread finished: Thread Group 1-45
2023-10-21 17:29:31,897 INFO o.a.j.t.JMeterThread: Thread is done: Thread Group 1-83
2023-10-21 17:29:31,897 INFO o.a.j.t.JMeterThread: Thread is done: Thread Group 1-72
2023-10-21 17:29:31,898 INFO o.a.j.t.JMeterThread: Thread finished: Thread Group 1-83
2023-10-21 17:29:31,898 INFO o.a.j.t.JMeterThread: Thread finished: Thread Group 1-72
2023-10-21 17:29:31,897 INFO o.a.j.t.JMeterThread: Thread is done: Thread Group 1-47
2023-10-21 17:29:31,897 INFO o.a.j.t.JMeterThread: Thread is done: Thread Group 1-33
2023-10-21 17:29:31,899 INFO o.a.j.t.JMeterThread: Thread finished: Thread Group 1-47
2023-10-21 17:29:31,899 INFO o.a.j.t.JMeterThread: Thread finished: Thread Group 1-33
2023-10-21 17:29:31,904 INFO o.a.j.t.JMeterThread: Thread is done: Thread Group 1-70
2023-10-21 17:29:31,904 INFO o.a.j.t.JMeterThread: Thread finished: Thread Group 1-70
2023-10-21 17:29:31,908 INFO o.a.j.t.JMeterThread: Thread is done: Thread Group 1-30
2023-10-21 17:29:31,908 INFO o.a.j.t.JMeterThread: Thread finished: Thread Group 1-30
2023-10-21 17:29:31,912 INFO o.a.j.t.JMeterThread: Thread is done: Thread Group 1-39
2023-10-21 17:29:31,912 INFO o.a.j.t.JMeterThread: Thread finished: Thread Group 1-39
2023-10-21 17:29:31,919 INFO o.a.j.t.JMeterThread: Thread is done: Thread Group 1-44
2023-10-21 17:29:31,919 INFO o.a.j.t.JMeterThread: Thread finished: Thread Group 1-44
2023-10-21 17:29:31,919 INFO o.a.j.t.JMeterThread: Thread is done: Thread Group 1-62
2023-10-21 17:29:31,919 INFO o.a.j.t.JMeterThread: Thread finished: Thread Group 1-62
2023-10-21 17:29:31,929 INFO o.a.j.t.JMeterThread: Thread is done: Thread Group 1-37
2023-10-21 17:29:31,929 INFO o.a.j.t.JMeterThread: Thread finished: Thread Group 1-37
2023-10-21 17:29:31,930 INFO o.a.j.t.JMeterThread: Thread is done: Thread Group 1-22
2023-10-21 17:29:31,931 INFO o.a.j.t.JMeterThread: Thread finished: Thread Group 1-22
2023-10-21 17:29:31,937 INFO o.a.j.t.JMeterThread: Thread is done: Thread Group 1-86
2023-10-21 17:29:31,937 INFO o.a.j.t.JMeterThread: Thread finished: Thread Group 1-86
2023-10-21 17:29:31,945 INFO o.a.j.t.JMeterThread: Thread is done: Thread Group 1-38
2023-10-21 17:29:31,945 INFO o.a.j.t.JMeterThread: Thread finished: Thread Group 1-38
2023-10-21 17:29:31,947 INFO o.a.j.t.JMeterThread: Thread is done: Thread Group 1-90
2023-10-21 17:29:31,947 INFO o.a.j.t.JMeterThread: Thread is done: Thread Group 1-92
2023-10-21 17:29:31,947 INFO o.a.j.t.JMeterThread: Thread finished: Thread Group 1-90
2023-10-21 17:29:31,947 INFO o.a.j.t.JMeterThread: Thread finished: Thread Group 1-92
2023-10-21 17:29:31,959 INFO o.a.j.t.JMeterThread: Thread is done: Thread Group 1-85
2023-10-21 17:29:31,959 INFO o.a.j.t.JMeterThread: Thread finished: Thread Group 1-85
2023-10-21 17:29:31,963 INFO o.a.j.t.JMeterThread: Thread is done: Thread Group 1-63
2023-10-21 17:29:31,963 INFO o.a.j.t.JMeterThread: Thread finished: Thread Group 1-63
2023-10-21 17:29:31,981 INFO o.a.j.t.JMeterThread: Thread is done: Thread Group 1-41
2023-10-21 17:29:31,981 INFO o.a.j.t.JMeterThread: Thread is done: Thread Group 1-81
2023-10-21 17:29:31,981 INFO o.a.j.t.JMeterThread: Thread finished: Thread Group 1-41
2023-10-21 17:29:31,981 INFO o.a.j.t.JMeterThread: Thread finished: Thread Group 1-81
2023-10-21 17:29:31,982 INFO o.a.j.t.JMeterThread: Thread is done: Thread Group 1-2
2023-10-21 17:29:31,982 INFO o.a.j.t.JMeterThread: Thread is done: Thread Group 1-23
2023-10-21 17:29:31,982 INFO o.a.j.t.JMeterThread: Thread finished: Thread Group 1-2
2023-10-21 17:29:31,982 INFO o.a.j.t.JMeterThread: Thread finished: Thread Group 1-23
2023-10-21 17:29:31,985 INFO o.a.j.t.JMeterThread: Thread is done: Thread Group 1-80
2023-10-21 17:29:31,985 INFO o.a.j.t.JMeterThread: Thread finished: Thread Group 1-80
2023-10-21 17:29:31,986 INFO o.a.j.t.JMeterThread: Thread is done: Thread Group 1-3
2023-10-21 17:29:31,986 INFO o.a.j.t.JMeterThread: Thread finished: Thread Group 1-3
2023-10-21 17:29:31,986 INFO o.a.j.t.JMeterThread: Thread is done: Thread Group 1-24
2023-10-21 17:29:31,986 INFO o.a.j.t.JMeterThread: Thread finished: Thread Group 1-24
2023-10-21 17:29:31,986 INFO o.a.j.t.JMeterThread: Thread is done: Thread Group 1-76
2023-10-21 17:29:31,986 INFO o.a.j.t.JMeterThread: Thread finished: Thread Group 1-76
2023-10-21 17:29:31,986 INFO o.a.j.t.JMeterThread: Thread is done: Thread Group 1-12
2023-10-21 17:29:31,987 INFO o.a.j.t.JMeterThread: Thread finished: Thread Group 1-12
2023-10-21 17:29:31,987 INFO o.a.j.t.JMeterThread: Thread is done: Thread Group 1-9
2023-10-21 17:29:31,987 INFO o.a.j.t.JMeterThread: Thread is done: Thread Group 1-51
2023-10-21 17:29:31,987 INFO o.a.j.t.JMeterThread: Thread finished: Thread Group 1-51
2023-10-21 17:29:31,987 INFO o.a.j.t.JMeterThread: Thread finished: Thread Group 1-9
2023-10-21 17:29:32,008 INFO o.a.j.t.JMeterThread: Thread is done: Thread Group 1-46
2023-10-21 17:29:32,009 INFO o.a.j.t.JMeterThread: Thread finished: Thread Group 1-46
2023-10-21 17:29:32,012 INFO o.a.j.t.JMeterThread: Thread is done: Thread Group 1-64
2023-10-21 17:29:32,012 INFO o.a.j.t.JMeterThread: Thread finished: Thread Group 1-64
2023-10-21 17:29:32,016 INFO o.a.j.t.JMeterThread: Thread is done: Thread Group 1-53
2023-10-21 17:29:32,016 INFO o.a.j.t.JMeterThread: Thread finished: Thread Group 1-53
2023-10-21 17:29:32,024 INFO o.a.j.t.JMeterThread: Thread is done: Thread Group 1-79
2023-10-21 17:29:32,024 INFO o.a.j.t.JMeterThread: Thread finished: Thread Group 1-79
2023-10-21 17:29:32,025 INFO o.a.j.t.JMeterThread: Thread is done: Thread Group 1-93
2023-10-21 17:29:32,025 INFO o.a.j.t.JMeterThread: Thread is done: Thread Group 1-52
2023-10-21 17:29:32,025 INFO o.a.j.t.JMeterThread: Thread is done: Thread Group 1-66
2023-10-21 17:29:32,024 INFO o.a.j.t.JMeterThread: Thread is done: Thread Group 1-57
2023-10-21 17:29:32,024 INFO o.a.j.t.JMeterThread: Thread is done: Thread Group 1-84
2023-10-21 17:29:32,025 INFO o.a.j.t.JMeterThread: Thread finished: Thread Group 1-84
2023-10-21 17:29:32,025 INFO o.a.j.t.JMeterThread: Thread finished: Thread Group 1-52
2023-10-21 17:29:32,026 INFO o.a.j.t.JMeterThread: Thread finished: Thread Group 1-66
2023-10-21 17:29:32,026 INFO o.a.j.t.JMeterThread: Thread finished: Thread Group 1-93
2023-10-21 17:29:32,026 INFO o.a.j.t.JMeterThread: Thread finished: Thread Group 1-57
2023-10-21 17:29:32,028 INFO o.a.j.t.JMeterThread: Thread is done: Thread Group 1-89
2023-10-21 17:29:32,028 INFO o.a.j.t.JMeterThread: Thread finished: Thread Group 1-89
2023-10-21 17:29:32,032 INFO o.a.j.t.JMeterThread: Thread is done: Thread Group 1-54
2023-10-21 17:29:32,032 INFO o.a.j.t.JMeterThread: Thread finished: Thread Group 1-54
2023-10-21 17:29:32,035 INFO o.a.j.t.JMeterThread: Thread is done: Thread Group 1-98
2023-10-21 17:29:32,036 INFO o.a.j.t.JMeterThread: Thread finished: Thread Group 1-98
2023-10-21 17:29:32,035 INFO o.a.j.t.JMeterThread: Thread is done: Thread Group 1-96
2023-10-21 17:29:32,036 INFO o.a.j.t.JMeterThread: Thread finished: Thread Group 1-96
2023-10-21 17:29:32,051 INFO o.a.j.t.JMeterThread: Thread is done: Thread Group 1-48
2023-10-21 17:29:32,055 INFO o.a.j.t.JMeterThread: Thread finished: Thread Group 1-48
2023-10-21 17:29:32,066 INFO o.a.j.t.JMeterThread: Thread is done: Thread Group 1-97
2023-10-21 17:29:32,067 INFO o.a.j.t.JMeterThread: Thread is done: Thread Group 1-40
2023-10-21 17:29:32,054 INFO o.a.j.t.JMeterThread: Thread is done: Thread Group 1-7
2023-10-21 17:29:32,070 INFO o.a.j.t.JMeterThread: Thread finished: Thread Group 1-97
2023-10-21 17:29:32,071 INFO o.a.j.t.JMeterThread: Thread finished: Thread Group 1-7
2023-10-21 17:29:32,071 INFO o.a.j.t.JMeterThread: Thread finished: Thread Group 1-40
2023-10-21 17:29:32,073 INFO o.a.j.t.JMeterThread: Thread is done: Thread Group 1-8
2023-10-21 17:29:32,073 INFO o.a.j.t.JMeterThread: Thread finished: Thread Group 1-8
2023-10-21 17:29:32,087 INFO o.a.j.t.JMeterThread: Thread is done: Thread Group 1-99
2023-10-21 17:29:32,087 INFO o.a.j.t.JMeterThread: Thread is done: Thread Group 1-75
2023-10-21 17:29:32,087 INFO o.a.j.t.JMeterThread: Thread finished: Thread Group 1-99
2023-10-21 17:29:32,087 INFO o.a.j.t.JMeterThread: Thread finished: Thread Group 1-75
2023-10-21 17:29:32,088 INFO o.a.j.t.JMeterThread: Thread is done: Thread Group 1-68
2023-10-21 17:29:32,088 INFO o.a.j.t.JMeterThread: Thread finished: Thread Group 1-68
2023-10-21 17:29:32,088 INFO o.a.j.t.JMeterThread: Thread is done: Thread Group 1-1
2023-10-21 17:29:32,088 INFO o.a.j.t.JMeterThread: Thread is done: Thread Group 1-87
2023-10-21 17:29:32,088 INFO o.a.j.t.JMeterThread: Thread finished: Thread Group 1-1
2023-10-21 17:29:32,089 INFO o.a.j.t.JMeterThread: Thread finished: Thread Group 1-87
2023-10-21 17:29:32,089 INFO o.a.j.t.JMeterThread: Thread is done: Thread Group 1-78
2023-10-21 17:29:32,089 INFO o.a.j.t.JMeterThread: Thread finished: Thread Group 1-78
2023-10-21 17:29:32,090 INFO o.a.j.t.JMeterThread: Thread is done: Thread Group 1-17
2023-10-21 17:29:32,090 INFO o.a.j.t.JMeterThread: Thread finished: Thread Group 1-17
2023-10-21 17:29:32,090 INFO o.a.j.t.JMeterThread: Thread is done: Thread Group 1-42
2023-10-21 17:29:32,090 INFO o.a.j.t.JMeterThread: Thread finished: Thread Group 1-42
2023-10-21 17:29:32,090 INFO o.a.j.t.JMeterThread: Thread is done: Thread Group 1-18
2023-10-21 17:29:32,090 INFO o.a.j.t.JMeterThread: Thread finished: Thread Group 1-18
2023-10-21 17:29:32,091 INFO o.a.j.t.JMeterThread: Thread is done: Thread Group 1-73
2023-10-21 17:29:32,091 INFO o.a.j.t.JMeterThread: Thread finished: Thread Group 1-73
2023-10-21 17:29:32,091 INFO o.a.j.t.JMeterThread: Thread is done: Thread Group 1-94
2023-10-21 17:29:32,091 INFO o.a.j.t.JMeterThread: Thread finished: Thread Group 1-94
2023-10-21 17:29:32,097 INFO o.a.j.t.JMeterThread: Thread is done: Thread Group 1-77
2023-10-21 17:29:32,098 INFO o.a.j.t.JMeterThread: Thread finished: Thread Group 1-77
2023-10-21 17:29:32,097 INFO o.a.j.t.JMeterThread: Thread is done: Thread Group 1-88
2023-10-21 17:29:32,098 INFO o.a.j.t.JMeterThread: Thread finished: Thread Group 1-88
2023-10-21 17:29:32,098 INFO o.a.j.t.JMeterThread: Thread is done: Thread Group 1-19
2023-10-21 17:29:32,098 INFO o.a.j.t.JMeterThread: Thread finished: Thread Group 1-19
2023-10-21 17:29:32,099 INFO o.a.j.t.JMeterThread: Thread is done: Thread Group 1-4
2023-10-21 17:29:32,099 INFO o.a.j.t.JMeterThread: Thread finished: Thread Group 1-4
2023-10-21 17:29:32,097 INFO o.a.j.t.JMeterThread: Thread is done: Thread Group 1-100
2023-10-21 17:29:32,099 INFO o.a.j.t.JMeterThread: Thread finished: Thread Group 1-100
2023-10-21 17:29:32,099 INFO o.a.j.t.JMeterThread: Thread is done: Thread Group 1-14
2023-10-21 17:29:32,099 INFO o.a.j.t.JMeterThread: Thread finished: Thread Group 1-14
2023-10-21 17:29:32,099 INFO o.a.j.t.JMeterThread: Thread is done: Thread Group 1-25
2023-10-21 17:29:32,099 INFO o.a.j.t.JMeterThread: Thread finished: Thread Group 1-25
2023-10-21 17:29:32,099 INFO o.a.j.t.JMeterThread: Thread is done: Thread Group 1-50
2023-10-21 17:29:32,100 INFO o.a.j.t.JMeterThread: Thread finished: Thread Group 1-50
2023-10-21 17:29:32,100 INFO o.a.j.t.JMeterThread: Thread is done: Thread Group 1-69
2023-10-21 17:29:32,100 INFO o.a.j.t.JMeterThread: Thread finished: Thread Group 1-69
2023-10-21 17:29:32,100 INFO o.a.j.t.JMeterThread: Thread is done: Thread Group 1-35
2023-10-21 17:29:32,100 INFO o.a.j.t.JMeterThread: Thread finished: Thread Group 1-35
2023-10-21 17:29:32,100 INFO o.a.j.t.JMeterThread: Thread is done: Thread Group 1-55
2023-10-21 17:29:32,100 INFO o.a.j.t.JMeterThread: Thread finished: Thread Group 1-55
2023-10-21 17:29:32,100 INFO o.a.j.t.JMeterThread: Thread is done: Thread Group 1-56
2023-10-21 17:29:32,100 INFO o.a.j.t.JMeterThread: Thread finished: Thread Group 1-56
2023-10-21 17:29:32,100 INFO o.a.j.t.JMeterThread: Thread is done: Thread Group 1-16
2023-10-21 17:29:32,101 INFO o.a.j.t.JMeterThread: Thread finished: Thread Group 1-16
2023-10-21 17:29:32,101 INFO o.a.j.t.JMeterThread: Thread is done: Thread Group 1-65
2023-10-21 17:29:32,101 INFO o.a.j.t.JMeterThread: Thread finished: Thread Group 1-65
2023-10-21 17:29:32,112 INFO o.a.j.t.JMeterThread: Thread is done: Thread Group 1-95
2023-10-21 17:29:32,113 INFO o.a.j.t.JMeterThread: Thread is done: Thread Group 1-61
2023-10-21 17:29:32,113 INFO o.a.j.t.JMeterThread: Thread is done: Thread Group 1-74
2023-10-21 17:29:32,113 INFO o.a.j.t.JMeterThread: Thread is done: Thread Group 1-59
2023-10-21 17:29:32,113 INFO o.a.j.t.JMeterThread: Thread is done: Thread Group 1-49
2023-10-21 17:29:32,113 INFO o.a.j.t.JMeterThread: Thread finished: Thread Group 1-95
2023-10-21 17:29:32,113 INFO o.a.j.t.JMeterThread: Thread is done: Thread Group 1-67
2023-10-21 17:29:32,113 INFO o.a.j.t.JMeterThread: Thread finished: Thread Group 1-67
2023-10-21 17:29:32,113 INFO o.a.j.t.JMeterThread: Thread finished: Thread Group 1-74
2023-10-21 17:29:32,113 INFO o.a.j.t.JMeterThread: Thread finished: Thread Group 1-59
2023-10-21 17:29:32,113 INFO o.a.j.t.JMeterThread: Thread finished: Thread Group 1-49
2023-10-21 17:29:32,113 INFO o.a.j.t.JMeterThread: Thread finished: Thread Group 1-61
2023-10-21 17:29:32,113 INFO o.a.j.t.JMeterThread: Thread is done: Thread Group 1-32
2023-10-21 17:29:32,113 INFO o.a.j.t.JMeterThread: Thread finished: Thread Group 1-32
2023-10-21 17:29:32,114 INFO o.a.j.t.JMeterThread: Thread is done: Thread Group 1-34
2023-10-21 17:29:32,114 INFO o.a.j.t.JMeterThread: Thread finished: Thread Group 1-34
2023-10-21 17:29:32,114 INFO o.a.j.t.JMeterThread: Thread is done: Thread Group 1-29
2023-10-21 17:29:32,114 INFO o.a.j.t.JMeterThread: Thread is done: Thread Group 1-20
2023-10-21 17:29:32,114 INFO o.a.j.t.JMeterThread: Thread finished: Thread Group 1-29
2023-10-21 17:29:32,114 INFO o.a.j.t.JMeterThread: Thread finished: Thread Group 1-20
2023-10-21 17:29:32,114 INFO o.a.j.t.JMeterThread: Thread is done: Thread Group 1-43
2023-10-21 17:29:32,114 INFO o.a.j.t.JMeterThread: Thread finished: Thread Group 1-43
2023-10-21 17:29:32,112 INFO o.a.j.t.JMeterThread: Thread is done: Thread Group 1-28
2023-10-21 17:29:32,114 INFO o.a.j.t.JMeterThread: Thread finished: Thread Group 1-28
2023-10-21 17:29:32,114 INFO o.a.j.t.JMeterThread: Thread is done: Thread Group 1-10
2023-10-21 17:29:32,114 INFO o.a.j.t.JMeterThread: Thread is done: Thread Group 1-11
2023-10-21 17:29:32,114 INFO o.a.j.t.JMeterThread: Thread finished: Thread Group 1-10
2023-10-21 17:29:32,114 INFO o.a.j.t.JMeterThread: Thread finished: Thread Group 1-11
2023-10-21 17:29:32,122 INFO o.a.j.t.JMeterThread: Thread is done: Thread Group 1-15
2023-10-21 17:29:32,123 INFO o.a.j.t.JMeterThread: Thread is done: Thread Group 1-60
2023-10-21 17:29:32,123 INFO o.a.j.t.JMeterThread: Thread finished: Thread Group 1-15
2023-10-21 17:29:32,123 INFO o.a.j.t.JMeterThread: Thread finished: Thread Group 1-60
2023-10-21 17:29:32,149 INFO o.a.j.t.JMeterThread: Thread is done: Thread Group 1-6
2023-10-21 17:29:32,150 INFO o.a.j.t.JMeterThread: Thread finished: Thread Group 1-6
2023-10-21 17:29:32,151 INFO o.a.j.t.JMeterThread: Thread is done: Thread Group 1-91
2023-10-21 17:29:32,151 INFO o.a.j.t.JMeterThread: Thread finished: Thread Group 1-91
2023-10-21 17:29:32,151 INFO o.a.j.e.StandardJMeterEngine: Notifying test listeners of end of test
2023-10-21 17:29:32,154 INFO o.a.j.r.Summariser: summary +    199 in 00:00:00 =  594.0/s Avg:   292 Min:    12 Max:   733 Err:     0 (0.00%) Active: 0 Started: 100 Finished: 100
2023-10-21 17:29:32,155 INFO o.a.j.r.Summariser: summary =    200 in 00:00:02 =  127.6/s Avg:   292 Min:    12 Max:   733 Err:     0 (0.00%)
